
ASEM-51 V1.3                                         Copyright (c) 2002 by W.W. Heinz                                         PAGE 1





       MCS-51 Family Macro Assembler   A S E M - 5 1   V 1.3
       =====================================================



	Source File:	C:\Users\peak_\Desktop\Final_Micro\Data\ASM_Serial\myHex2BCD.A51
	Object File:	C:\Users\peak_\Desktop\Final_Micro\Data\ASM_Serial\myHex2BCD.hex
	List File:	C:\Users\peak_\Desktop\Final_Micro\Data\ASM_Serial\myHex2BCD.lst



 Line  I  Addr  Code            Source

    1:
    2:
    3:	  0000	7F 00		DPTR2BCD:	MOV	R7,#0
    4:	  0002	7E 00				MOV	R6,#0
    5:	  0004	AD 83				MOV	R5,DPH
    6:	  0006	AC 82				MOV	R4,DPL
    7:	  0008	78 00				MOV	R0,#DBufffer_4Byte
							    ^
			  @@@@@ symbol not defined @@@@@

    8:						; Input  : R7,R6,R5,R4(HEX)
    9:						; Output : @R0+0 +1 +2 +3(BCD)
   10:	  000A	12 00 48			CALL	HEX2BCD_4Byte
   11:	  000D	78 00				MOV	R0,#DBufffer_4Byte+1
							    ^
			  @@@@@ symbol not defined @@@@@

   12:	  000F	E6				MOV	A,@R0
   13:	  0010	F5 F0				MOV	B,A
   14:	  0012	08				INC	R0
   15:	  0013	E6				MOV	A,@R0
   16:	  0014	F5 83				MOV	DPH,A
   17:	  0016	08				INC	R0
   18:	  0017	E6				MOV	A,@R0
   19:	  0018	F5 82				MOV	DPL,A
   20:	  001A	22				RET
   21:
   22:				;==============================================================
   23:				;             Four Byte x One Byte
   24:				;      Input  :    R6,R5,R4,R3 x R0
   25:				;      Output : R7,R6,R5,R4,R3
   26:				;==============================================================
   27:	  001B	00		MUL_4Byte_1Byte:	NOP
   28:				;-------------------------------------
   29:	  001C	E8		_M_4B1B_Byte1:	MOV	A,R0
   30:	  001D	8B F0			MOV	B,R3
   31:	  001F	A4			MUL	AB
   32:	  0020	FB			MOV	R3,A	; Byte1
   33:	  0021	A9 F0			MOV	R1,B
   34:				;-------------------------------------
   35:	  0023	E8		_M_4B1B_Byte2:	MOV	A,R0
   36:	  0024	8C F0			MOV	B,R4
   37:	  0026	A4			MUL	AB

ASEM-51 V1.3                                         Copyright (c) 2002 by W.W. Heinz                                         PAGE 2



 Line  I  Addr  Code            Source

   38:	  0027	C3			CLR	C
   39:	  0028	29			ADD	A,R1
   40:	  0029	FC			MOV	R4,A	; Byte2
   41:	  002A	74 00			MOV	A,#00
   42:	  002C	35 F0			ADDC	A,B
   43:	  002E	F9			MOV	R1,A
   44:				;-------------------------------------
   45:	  002F	E8		_M_4B1B_Byte3:	MOV	A,R0
   46:	  0030	8D F0			MOV	B,R5
   47:	  0032	A4			MUL	AB
   48:	  0033	C3			CLR	C
   49:	  0034	29			ADD	A,R1
   50:	  0035	FD			MOV	R5,A	; Byte3
   51:	  0036	74 00			MOV	A,#00
   52:	  0038	35 F0			ADDC	A,B
   53:	  003A	F9			MOV	R1,A
   54:				;-------------------------------------
   55:	  003B	E8		_M_4B1B_Byte4:	MOV	A,R0
   56:	  003C	8E F0			MOV	B,R6
   57:	  003E	A4			MUL	AB
   58:	  003F	C3			CLR	C
   59:	  0040	29			ADD	A,R1
   60:	  0041	FE			MOV	R6,A	; Byte4
   61:	  0042	74 00			MOV	A,#00
   62:	  0044	35 F0			ADDC	A,B
   63:	  0046	FF			MOV	R7,A	; Byte5
   64:	  0047	22			RET
   65:
   66:				;==============================================================
   67:				;             Four Byte Hex to BCD Converstor
   68:				;      Input  : R7,R6,R5,R4(HEX)
   69:				;      Output : @R0+0 +1 +2 +3(BCD)
   70:				;==============================================================
   71:	  0048	E4		HEX2BCD_4Byte: 	CLR         	A
   72:	  0049	F6		            	MOV         	@R0,A	; MSB
   73:	  004A	08		            	INC	R0
   74:	  004B	F6		            	MOV         	@R0,A
   75:	  004C	08		            	INC	R0
   76:	  004D	F6		            	MOV         	@R0,A
   77:	  004E	08		            	INC	R0
   78:	  004F	F6		            	MOV         	@R0,A	; LSB
   79:	  0050	A9 00		            	MOV	R1,00H	; Back Up R0
   80:
   81:	  0052	75 83 20	            	MOV         	DPH,#32D        ; Data 32 Bits(4Byte)
   82:	  0055	EC		_HEXTOBCD01_4B: 	MOV         	A,R4
   83:	  0056	33		            	RLC         	A
   84:	  0057	FC		            	MOV         	R4,A
   85:	  0058	ED		            	MOV         	A,R5
   86:	  0059	33		            	RLC         	A
   87:	  005A	FD		            	MOV         	R5,A
   88:	  005B	EE		            	MOV         	A,R6
   89:	  005C	33		            	RLC         	A
   90:	  005D	FE		            	MOV         	R6,A
   91:	  005E	EF		            	MOV         	A,R7
   92:	  005F	33		            	RLC         	A
   93:	  0060	FF		            	MOV         	R7,A

ASEM-51 V1.3                                         Copyright (c) 2002 by W.W. Heinz                                         PAGE 3



 Line  I  Addr  Code            Source

   94:
   95:	  0061	75 82 04	            	MOV         	DPL,#04D	; 3Byte Output
   96:	  0064	A8 01		            	MOV         	R0,01H	; Index To Address@R0
   97:	  0066	E6		_HEXTOBCD02_4B: 	MOV         	A,@R0
   98:	  0067	35 E0		            	ADDC        	A,Acc
   99:	  0069	D4		            	DA          	A
  100:	  006A	F6		            	MOV         	@R0,A
  101:	  006B	18		            	DEC	R0
  102:	  006C	D5 82 F7	            	DJNZ        	DPL,_HEXTOBCD02_4B
  103:	  006F	D5 83 E3	            	DJNZ        	DPH,_HEXTOBCD01_4B
  104:	  0072	22		            	RET
  105:
  106:
  107:				;#######################################################################
  108:				;======================================================================
  109:				;  Converse DPTR(HEX) to BCD ==> Hex lessthan 270FH(9999)
  110:				;======================================================================
  111:	  0073	AC 83		DPTR_HEX2BCD:	MOV	R4,DPH	; Load Input
  112:	  0075	AB 82			MOV	R3,DPL
  113:	  0077	7E 00			MOV	R6,#0	; Clear H_Output
  114:	  0079	7F 00			MOV	R7,#0	; Clear L_Output
  115:	  007B	75 83 10	            	MOV         	DPH,#16D        	; Data 2Byte(16 Bits)
  116:	  007E	EB		_DPTR_HEX2BCD01: 	MOV         	A,R3
  117:	  007F	33		            	RLC         	A
  118:	  0080	FB		            	MOV         	R3,A
  119:	  0081	EC		            	MOV         	A,R4
  120:	  0082	33		            	RLC         	A
  121:	  0083	FC		            	MOV         	R4,A
  122:	  0084	75 82 02	            	MOV         	DPL,#02D        	; 2Byte Output
  123:	  0087	78 07		            	MOV         	R0,#07H	; Index To Address@R0
  124:	  0089	E6		_DPTR_HEX2BCD02: 	MOV         	A,@R0
  125:	  008A	35 E0		            	ADDC        	A,Acc
  126:	  008C	D4		            	DA          	A
  127:	  008D	F6		            	MOV         	@R0,A
  128:	  008E	18		            	DEC	R0
  129:	  008F	D5 82 F7	            	DJNZ        	DPL,_DPTR_HEX2BCD02
  130:	  0092	D5 83 E9	            	DJNZ        	DPH,_DPTR_HEX2BCD01
  131:	  0095	8E 83		            	MOV	DPH,R6
  132:	  0097	8F 82		            	MOV	DPL,R7
  133:	  0099	22		            	RET
						   ^
			  @@@@@ no END statement found @@@@@






                     register banks used:  ---

                     3 errors detected




ASEM-51 V1.3                                         Copyright (c) 2002 by W.W. Heinz                                         PAGE 4





	       L I S T   O F   S Y M B O L S
	       =============================


SYMBOL				  TYPE     VALUE	LINE
------------------------------------------------------------
??ASEM_51			  NUMBER    8051
??VERSION			  NUMBER    0130
AC				  BIT	      D6
ACC				  DATA	      E0
B				  DATA	      F0
CY				  BIT	      D7
DPH				  DATA	      83
DPL				  DATA	      82
DPTR2BCD			  CODE	    0000	   3
DPTR_HEX2BCD			  CODE	    0073	 111
EA				  BIT	      AF
ES				  BIT	      AC
ET0				  BIT	      A9
ET1				  BIT	      AB
EX0				  BIT	      A8
EX1				  BIT	      AA
EXTI0				  CODE	    0003
EXTI1				  CODE	    0013
F0				  BIT	      D5
HEX2BCD_4BYTE			  CODE	    0048	  71
IE				  DATA	      A8
IE0				  BIT	      89
IE1				  BIT	      8B
INT0				  BIT	      B2
INT1				  BIT	      B3
IP				  DATA	      B8
IT0				  BIT	      88
IT1				  BIT	      8A
MUL_4BYTE_1BYTE			  CODE	    001B	  27
OV				  BIT	      D2
P				  BIT	      D0
P0				  DATA	      80
P1				  DATA	      90
P2				  DATA	      A0
P3				  DATA	      B0
PCON				  DATA	      87
PS				  BIT	      BC
PSW				  DATA	      D0
PT0				  BIT	      B9
PT1				  BIT	      BB
PX0				  BIT	      B8
PX1				  BIT	      BA
RB8				  BIT	      9A
RD				  BIT	      B7
REN				  BIT	      9C
RESET				  CODE	    0000
RI				  BIT	      98
RS0				  BIT	      D3
RS1				  BIT	      D4
RXD				  BIT	      B0

ASEM-51 V1.3                                         Copyright (c) 2002 by W.W. Heinz                                         PAGE 5



SYMBOL				  TYPE     VALUE	LINE
------------------------------------------------------------
SBUF				  DATA	      99
SCON				  DATA	      98
SINT				  CODE	    0023
SM0				  BIT	      9F
SM1				  BIT	      9E
SM2				  BIT	      9D
SP				  DATA	      81
T0				  BIT	      B4
T1				  BIT	      B5
TB8				  BIT	      9B
TCON				  DATA	      88
TF0				  BIT	      8D
TF1				  BIT	      8F
TH0				  DATA	      8C
TH1				  DATA	      8D
TI				  BIT	      99
TIMER0				  CODE	    000B
TIMER1				  CODE	    001B
TL0				  DATA	      8A
TL1				  DATA	      8B
TMOD				  DATA	      89
TR0				  BIT	      8C
TR1				  BIT	      8E
TXD				  BIT	      B1
WR				  BIT	      B6
_DPTR_HEX2BCD01			  CODE	    007E	 116
_DPTR_HEX2BCD02			  CODE	    0089	 124
_HEXTOBCD01_4B			  CODE	    0055	  82
_HEXTOBCD02_4B			  CODE	    0066	  97
_M_4B1B_BYTE1			  CODE	    001C	  29
_M_4B1B_BYTE2			  CODE	    0023	  35
_M_4B1B_BYTE3			  CODE	    002F	  45
_M_4B1B_BYTE4			  CODE	    003B	  55
