
ASEM-51 V1.3                                         Copyright (c) 2002 by W.W. Heinz                                         PAGE 1





       MCS-51 Family Macro Assembler   A S E M - 5 1   V 1.3
       =====================================================



	Source File:	C:\Users\losoo\Downloads\MicroFinalQuiz\01 S\S1\ASM_Serial\mySerial.A51
	Object File:	C:\Users\losoo\Downloads\MicroFinalQuiz\01 S\S1\ASM_Serial\mySerial.hex
	List File:	C:\Users\losoo\Downloads\MicroFinalQuiz\01 S\S1\ASM_Serial\mySerial.lst



 Line  I  Addr  Code            Source

    1:
    2:				;============  Initial Serial Port   ============
    3:	  0000	75 89 55	Initial_Serial:	MOV	TMOD,#55H	; T1M2 T0M1
    4:	  0003	75 98 50			MOV	SCON,#50H	; Serial Mode1
    5:	  0006	75 8D FD			MOV	TH1,#-3	; 9600 FDH@18.432MHz
    6:	  0009	74 00				MOV	A,#00H 	; FBH@18.432MHz
    7:	  000B	F5 87				MOV	PCON,A	; SMOD = 0
    8:
    9:	  000D	75 00 34			MOV	T2CON,#34H
							^
			  @@@@@ symbol not defined @@@@@

   10:	  0010	75 00 FF			MOV	RCAP2H,#0FFH
							^
			  @@@@@ symbol not defined @@@@@

   11:	  0013	75 00 DC			MOV	RCAP2L,#0DCH
							^
			  @@@@@ symbol not defined @@@@@

   12:
   13:	  0016	C2 AF				CLR	EA	; Disable All
   14:	  0018	D2 8C				SETB	TR0	; Start Timer1
   15:	  001A	D2 8E				SETB	TR1
   16:	  001C	22				RET
   17:
   18:				;==========  Send Data to Serial Port   ==========
   19:	  001D	C0 E0		SEND_2HEX:	PUSH	Acc
   20:	  001F	C4				SWAP	A
   21:	  0020	12 00 25			CALL	SEND_1HEX
   22:	  0023	D0 E0				POP	Acc
   23:	  0025	C0 83		SEND_1HEX:	PUSH	DPH
   24:	  0027	C0 82				PUSH	DPL
   25:	  0029	90 00 43			MOV	DPTR,#HEXASC_TAB
   26:	  002C	54 0F				ANL	A,#0FH
   27:	  002E	93				MOVC	A,@A+DPTR
   28:	  002F	D0 82				POP	DPL
   29:	  0031	D0 83				POP	DPH
   30:	  0033	C0 A8		SEND_ASCII:	PUSH	IE
   31:	  0035	C2 AC				CLR	ES
   32:	  0037	C2 99				CLR    	TI
   33:	  0039	F5 99				MOV    	SBUF,A
   34:	  003B	30 99 FD			JNB    	TI,$

ASEM-51 V1.3                                         Copyright (c) 2002 by W.W. Heinz                                         PAGE 2



 Line  I  Addr  Code            Source

   35:	  003E	C2 99				CLR    	TI
   36:	  0040	D0 A8				POP	IE
   37:	  0042	22				RET
   38:	  0043	30 31 32 33	HEXASC_TAB: 	DB	'0123456789ABCDEF'
	  0047	34 35 36 37
	  004B	38 39 41 42
	  004F	43 44 45 46
   39:
   40:				;=========   Send Line Feed =================
   41:	  0053	74 0D		Send_LineFeed:	MOV	A,#0DH
   42:	  0055	11 33				CALL	Send_ASCII
   43:	  0057	74 0A				MOV	A,#0AH
   44:	  0059	11 33				CALL	Send_ASCII
   45:	  005B	22				RET
   46:
   47:				;========  Send Line Feed ==================
   48:	  005C	74 0C		Send_ClrScr:	MOV	A,#0CH
   49:	  005E	11 33				CALL	Send_ASCII
   50:	  0060	22				RET
   51:
   52:				;== Send Data Table to Serial Start@DPTR to '00H' =
   53:	  0061	E4		Send_Table:	CLR	A
   54:	  0062	93				MOVC	A,@A+DPTR
   55:	  0063	60 05				JZ	_X_Send_Tab
   56:	  0065	11 33				CALL	SEND_ASCII
   57:	  0067	A3				INC	DPTR
   58:	  0068	80 F7				JMP	Send_Table
   59:	  006A	22		_X_Send_Tab:	RET
   60:
   61:				;========= Send 1-Byte@Acc to SERIAL =========
   62:	  006B	C0 A8		TX_BYTE:	PUSH	IE
   63:	  006D	C2 AC				CLR	ES
   64:	  006F	C2 99				CLR	TI
   65:	  0071	F5 99				MOV	SBUF,A
   66:	  0073	30 99 FD			JNB	TI,$
   67:	  0076	C2 99				CLR	TI
   68:	  0078	D0 A8				POP	IE
   69:	  007A	22				RET
   70:
   71:				;====== Receive Data From SERIAL to Acc ========
   72:	  007B	C0 A8		RX_BYTE:	PUSH	IE
   73:	  007D	C2 AC				CLR	ES
   74:	  007F	30 98 FD			JNB	RI,$	; Wait data
   75:	  0082	C2 98				CLR	RI
   76:	  0084	E5 99				MOV	A,SBUF
   77:	  0086	D0 A8				POP	IE
   78:	  0088	22				RET
								^
			  @@@@@ no END statement found @@@@@






                     register banks used:  ---

ASEM-51 V1.3                                         Copyright (c) 2002 by W.W. Heinz                                         PAGE 3




                     4 errors detected




ASEM-51 V1.3                                         Copyright (c) 2002 by W.W. Heinz                                         PAGE 4





	       L I S T   O F   S Y M B O L S
	       =============================


SYMBOL				  TYPE     VALUE	LINE
------------------------------------------------------------
??ASEM_51			  NUMBER    8051
??VERSION			  NUMBER    0130
AC				  BIT	      D6
ACC				  DATA	      E0
B				  DATA	      F0
CY				  BIT	      D7
DPH				  DATA	      83
DPL				  DATA	      82
EA				  BIT	      AF
ES				  BIT	      AC
ET0				  BIT	      A9
ET1				  BIT	      AB
EX0				  BIT	      A8
EX1				  BIT	      AA
EXTI0				  CODE	    0003
EXTI1				  CODE	    0013
F0				  BIT	      D5
HEXASC_TAB			  CODE	    0043	  38
IE				  DATA	      A8
IE0				  BIT	      89
IE1				  BIT	      8B
INITIAL_SERIAL			  CODE	    0000	   3
INT0				  BIT	      B2
INT1				  BIT	      B3
IP				  DATA	      B8
IT0				  BIT	      88
IT1				  BIT	      8A
OV				  BIT	      D2
P				  BIT	      D0
P0				  DATA	      80
P1				  DATA	      90
P2				  DATA	      A0
P3				  DATA	      B0
PCON				  DATA	      87
PS				  BIT	      BC
PSW				  DATA	      D0
PT0				  BIT	      B9
PT1				  BIT	      BB
PX0				  BIT	      B8
PX1				  BIT	      BA
RB8				  BIT	      9A
RD				  BIT	      B7
REN				  BIT	      9C
RESET				  CODE	    0000
RI				  BIT	      98
RS0				  BIT	      D3
RS1				  BIT	      D4
RXD				  BIT	      B0
RX_BYTE				  CODE	    007B	  72
SBUF				  DATA	      99

ASEM-51 V1.3                                         Copyright (c) 2002 by W.W. Heinz                                         PAGE 5



SYMBOL				  TYPE     VALUE	LINE
------------------------------------------------------------
SCON				  DATA	      98
SEND_1HEX			  CODE	    0025	  23
SEND_2HEX			  CODE	    001D	  19
SEND_ASCII			  CODE	    0033	  30
SEND_CLRSCR			  CODE	    005C	  48
SEND_LINEFEED			  CODE	    0053	  41
SEND_TABLE			  CODE	    0061	  53
SINT				  CODE	    0023
SM0				  BIT	      9F
SM1				  BIT	      9E
SM2				  BIT	      9D
SP				  DATA	      81
T0				  BIT	      B4
T1				  BIT	      B5
TB8				  BIT	      9B
TCON				  DATA	      88
TF0				  BIT	      8D
TF1				  BIT	      8F
TH0				  DATA	      8C
TH1				  DATA	      8D
TI				  BIT	      99
TIMER0				  CODE	    000B
TIMER1				  CODE	    001B
TL0				  DATA	      8A
TL1				  DATA	      8B
TMOD				  DATA	      89
TR0				  BIT	      8C
TR1				  BIT	      8E
TXD				  BIT	      B1
TX_BYTE				  CODE	    006B	  62
WR				  BIT	      B6
_X_SEND_TAB			  CODE	    006A	  59
